<?xml version="1.0" encoding="UTF-8"?>
<!-- Generated by org.testng.reporters.JUnitReportReporter -->
<testsuite skipped="0" hostname="WUX-U518303L020" name="testng.TestSearch" tests="3" failures="0" timestamp="12 May 2017 07:30:58 GMT" time="292.908" errors="0">
  <testcase name="validateSearchByUserName" time="19.929" classname="testng.TestSearch"/>
  <testcase name="validateSearchByStatus" time="86.163" classname="testng.TestSearch"/>
  <testcase name="validateSearchByRFQID" time="186.816" classname="testng.TestSearch"/>
</testsuite> <!-- testng.TestSearch -->
