<?xml version="1.0" encoding="UTF-8"?>
<!-- Generated by org.testng.reporters.JUnitReportReporter -->
<testsuite skipped="0" hostname="WUX-U518303L020" name="testng.TestRFQ" tests="1" failures="0" timestamp="12 May 2017 07:07:52 GMT" time="42.355" errors="0">
  <testcase name="validateSearchByUserName" time="42.355" classname="testng.TestRFQ"/>
</testsuite> <!-- testng.TestRFQ -->
