<?xml version="1.0" encoding="UTF-8"?>
<!-- Generated by org.testng.reporters.JUnitReportReporter -->
<testsuite skipped="0" hostname="WUX-U518303L020" name="testng.TestTable" tests="5" failures="0" timestamp="28 Mar 2017 07:14:09 GMT" time="14.295" errors="0">
  <testcase name="printTableCellSum" time="2.300" classname="testng.TestTable"/>
  <testcase name="openUrl" time="5.803" classname="testng.TestTable"/>
  <testcase name="printTableCellData" time="2.092" classname="testng.TestTable"/>
  <testcase name="findTable" time="2.033" classname="testng.TestTable"/>
  <testcase name="printTableRowCount" time="2.067" classname="testng.TestTable"/>
</testsuite> <!-- testng.TestTable -->
