<?xml version="1.0" encoding="UTF-8"?>
<!-- Generated by org.testng.reporters.JUnitReportReporter -->
<testsuite skipped="0" hostname="WUX-U518303L020" name="testng.TestFirefox" tests="2" failures="0" timestamp="17 Mar 2017 03:33:39 GMT" time="7.506" errors="0">
  <testcase name="testng2" time="2.383" classname="testng.TestFirefox"/>
  <testcase name="testng1" time="5.123" classname="testng.TestFirefox"/>
</testsuite> <!-- testng.TestFirefox -->
