<?xml version="1.0" encoding="UTF-8"?>
<!-- Generated by org.testng.reporters.JUnitReportReporter -->
<testsuite skipped="0" hostname="WUX-U518303L020" name="testng.TestTable" tests="5" failures="0" timestamp="28 Mar 2017 07:12:38 GMT" time="14.095" errors="0">
  <testcase name="findTable" time="2.060" classname="testng.TestTable"/>
  <testcase name="printTableRowCount" time="2.084" classname="testng.TestTable"/>
  <testcase name="openUrl" time="5.613" classname="testng.TestTable"/>
  <testcase name="printTableCellSum" time="2.228" classname="testng.TestTable"/>
  <testcase name="printTableCellData" time="2.110" classname="testng.TestTable"/>
</testsuite> <!-- testng.TestTable -->
