<?xml version="1.0" encoding="UTF-8"?>
<!-- Generated by org.testng.reporters.JUnitReportReporter -->
<testsuite skipped="5" hostname="WUX-U518303L020" name="testng.TestTable" tests="5" failures="0" timestamp="08 Jun 2018 02:23:14 GMT" time="0.000" errors="0">
  <testcase name="printTableCellSum" time="0.000" classname="testng.TestTable">
    <skipped/>
  </testcase> <!-- printTableCellSum -->
  <testcase name="printTableCellData" time="0.000" classname="testng.TestTable">
    <skipped/>
  </testcase> <!-- printTableCellData -->
  <testcase name="findTable" time="0.000" classname="testng.TestTable">
    <skipped/>
  </testcase> <!-- findTable -->
  <testcase name="printTableRowCount" time="0.000" classname="testng.TestTable">
    <skipped/>
  </testcase> <!-- printTableRowCount -->
  <testcase name="openUrl" time="0.000" classname="testng.TestTable">
    <skipped/>
  </testcase> <!-- openUrl -->
</testsuite> <!-- testng.TestTable -->
