<?xml version="1.0" encoding="UTF-8"?>
<!-- Generated by org.testng.reporters.JUnitReportReporter -->
<testsuite skipped="0" hostname="WUX-U518303L020" name="testng.TestTable" tests="5" failures="0" timestamp="31 Mar 2017 07:15:47 GMT" time="14.725" errors="0">
  <testcase name="printTableRowCount" time="2.067" classname="testng.TestTable"/>
  <testcase name="printTableCellSum" time="2.584" classname="testng.TestTable"/>
  <testcase name="openUrl" time="5.990" classname="testng.TestTable"/>
  <testcase name="findTable" time="2.028" classname="testng.TestTable"/>
  <testcase name="printTableCellData" time="2.056" classname="testng.TestTable"/>
</testsuite> <!-- testng.TestTable -->
